Case #1: 0 1099511627768 
Case #2: 2046 2046 
Case #3: 0 0 
Case #4: 68719476734 17592186044414 
Case #5: 0 1099377410048 
Case #6: 2 254 
Case #7: 2 62 
Case #8: 0 1125899902648320 
Case #9: 0 16777214 
Case #10: 14 30 
Case #11: 1125899906842623 1125899906842623 
Case #12: 70368744177663 70368744177663 
Case #13: 0 1125899906842620 
Case #14: 131070 2097150 
Case #15: 33554430 33554430 
Case #16: 262142 1099511627774 
Case #17: 2 62 
Case #18: 0 252 
Case #19: 0 2097150 
Case #20: 1022 549755813886 
Case #21: 2 2046 
Case #22: 262142 1125899906842622 
Case #23: 0 120 
Case #24: 0 68719476734 
Case #25: 0 0 
Case #26: 32766 524286 
Case #27: 0 524160 
Case #28: 0 17592186044352 
Case #29: 0 12 
Case #30: 17592186044414 17592186044414 
Case #31: 8589934591 8589934591 
Case #32: 0 524284 
Case #33: 0 28 
Case #34: 0 1048574 
Case #35: 6 1022 
Case #36: 17592186044415 17592186044415 
Case #37: 1073741822 1125899906842622 
Case #38: 0 1020 
Case #39: 16777215 16777215 
Case #40: 0 16776192 
Case #41: 262142 68719476734 
Case #42: 0 16368 
Case #43: 67108862 67108862 
Case #44: 1022 2097150 
Case #45: 4094 1073741822 
Case #46: 0 2040 
Case #47: 0 137170518016 
Case #48: 1022 8190 
Case #49: 1 1 
Case #50: 0 251658240 
Case #51: 0 0 
Case #52: 0 1125899906842496 
Case #53: 0 0 
Case #54: 4094 34359738366 
Case #55: 0 281474976710144 
Case #56: 30 254 
Case #57: 33554430 562949953421310 
Case #58: 0 17179869152 
Case #59: 0 16352 
Case #60: 0 268173312 
Case #61: 2097150 134217726 
Case #62: 1125899906842622 1125899906842622 
Case #63: 0 2013265920 
Case #64: 6 65534 
Case #65: 0 120 
Case #66: 1073741822 17179869182 
Case #67: 0 262016 
Case #68: 6 2046 
Case #69: 274877906942 1125899906842622 
Case #70: 2 1125899906842622 
Case #71: 0 524286 
Case #72: 0 1125899906842622 
Case #73: 0 2147482624 
Case #74: 0 100663296 
Case #75: 2 30 
Case #76: 0 2097024 
Case #77: 0 16777208 
Case #78: 0 140737487831040 
Case #79: 1022 16382 
Case #80: 2 1099511627774 
Case #81: 0 137170518016 
Case #82: 2 8190 
Case #83: 0 96 
Case #84: 0 1048572 
Case #85: 0 1125899906840576 
Case #86: 8190 1125899906842622 
Case #87: 2199023255550 4398046511102 
Case #88: 2 34359738366 
Case #89: 0 32512 
Case #90: 131070 67108862 
Case #91: 1048574 4398046511102 
Case #92: 0 0 
Case #93: 0 3670016 
Case #94: 0 134215680 
Case #95: 2147483646 1125899906842622 
Case #96: 2147483646 2147483646 
Case #97: 0 32752 
Case #98: 0 0 
Case #99: 0 135291469824 
Case #100: 0 524284 
