Case #1: 
445
345
445
242
234
232
533
252
232
245
352
445
252
225
552
243
252
235
533
345
255
234
342
332
352
245
455
252
232
332
224
234
235
533
353
222
222
332
224
243
234
232
445
235
222
235
554
555
445
232
344
345
355
344
234
322
354
252
234
253
235
252
252
445
553
235
355
252
233
222
244
344
255
445
252
252
222
344
533
222
333
233
224
234
355
222
254
344
255
352
533
455
344
333
555
355
455
223
222
345
